ERROR:root:FIXME: Unimplemented - put('list', 'A sequence of things - created using []')
ERROR:root:FIXME: Unimplemented - get('list')
INFO:root:Constructing parser
INFO:root:Constructing parser
DEBUG:root:Constructing put subparser
INFO:root:Constructing parser
DEBUG:root:Constructing put subparser
INFO:root:Constructing parser
DEBUG:root:Constructing put subparser
INFO:root:Constructing parser
DEBUG:root:Constructing put subparser
INFO:root:Constructing parser
DEBUG:root:Constructing put subparser
INFO:root:Constructing parser
DEBUG:root:Constructing put subparser
DEBUG:root:Constructing get subparser
INFO:root:Constructing parser
DEBUG:root:Constructing put subparser
DEBUG:root:Constructing get subparser
ERROR:root:FIXME: Unimplemented - put('list', 'A sequence of things - created using []')
INFO:root:Constructing parser
DEBUG:root:Constructing put subparser
DEBUG:root:Constructing get subparser
ERROR:root:FIXME: Unimplemented - get('list')
INFO:root:Constructing parser
DEBUG:root:Constructing put subparser
DEBUG:root:Constructing get subparser
ERROR:root:FIXME: Unimplemented - put('test', 'A testing of this code')
INFO:root:Constructing parser
DEBUG:root:Constructing put subparser
DEBUG:root:Constructing get subparser
ERROR:root:FIXME: Unimplemented - get('test')
DEBUG:root:Connecting to PostgreSQL
DEBUG:root:Database connection established.
INFO:root:Constructing parser
DEBUG:root:Constructing put subparser
DEBUG:root:Constructing get subparser
ERROR:root:FIXME: Unimplemented - put('Test', 'This is a test snippet')
DEBUG:root:Connecting to PostgreSQL
DEBUG:root:Database connection established.
INFO:root:Constructing parser
DEBUG:root:Constructing put subparser
DEBUG:root:Constructing get subparser
INFO:root:Storing snippet 'Test': 'This is a test snippet'
DEBUG:root:Snippet stored successfully.
DEBUG:root:Connecting to PostgreSQL
DEBUG:root:Database connection established.
INFO:root:Constructing parser
DEBUG:root:Constructing put subparser
DEBUG:root:Constructing get subparser
DEBUG:root:Connecting to PostgreSQL
DEBUG:root:Database connection established.
INFO:root:Constructing parser
DEBUG:root:Constructing put subparser
DEBUG:root:Constructing get subparser
DEBUG:root:Connecting to PostgreSQL
DEBUG:root:Database connection established.
INFO:root:Constructing parser
DEBUG:root:Constructing put subparser
DEBUG:root:Constructing get subparser
DEBUG:root:Connecting to PostgreSQL
DEBUG:root:Database connection established.
INFO:root:Constructing parser
DEBUG:root:Constructing put subparser
DEBUG:root:Constructing get subparser
DEBUG:root:Connecting to PostgreSQL
DEBUG:root:Database connection established.
INFO:root:Constructing parser
DEBUG:root:Constructing put subparser
DEBUG:root:Constructing get subparser
DEBUG:root:Connecting to PostgreSQL
DEBUG:root:Database connection established.
INFO:root:Constructing parser
DEBUG:root:Constructing put subparser
DEBUG:root:Constructing get subparser
DEBUG:root:Connecting to PostgreSQL
DEBUG:root:Database connection established.
INFO:root:Constructing parser
DEBUG:root:Constructing put subparser
DEBUG:root:Constructing get subparser
INFO:root:Storing snippet 'Test,': 'content'
DEBUG:root:Snippet stored successfully.
DEBUG:root:Connecting to PostgreSQL
DEBUG:root:Database connection established.
INFO:root:Constructing parser
DEBUG:root:Constructing put subparser
DEBUG:root:Constructing get subparser
DEBUG:root:Connecting to PostgreSQL
DEBUG:root:Database connection established.
INFO:root:Constructing parser
DEBUG:root:Constructing put subparser
DEBUG:root:Constructing get subparser
DEBUG:root:Connecting to PostgreSQL
DEBUG:root:Database connection established.
INFO:root:Constructing parser
DEBUG:root:Constructing put subparser
DEBUG:root:Constructing get subparser
DEBUG:root:Connecting to PostgreSQL
DEBUG:root:Database connection established.
INFO:root:Constructing parser
DEBUG:root:Constructing put subparser
DEBUG:root:Constructing get subparser
DEBUG:root:Connecting to PostgreSQL
DEBUG:root:Database connection established.
INFO:root:Constructing parser
DEBUG:root:Constructing put subparser
DEBUG:root:Constructing get subparser
DEBUG:root:Connecting to PostgreSQL
DEBUG:root:Database connection established.
INFO:root:Constructing parser
DEBUG:root:Constructing put subparser
DEBUG:root:Constructing get subparser
DEBUG:root:Connecting to PostgreSQL
DEBUG:root:Database connection established.
INFO:root:Constructing parser
DEBUG:root:Constructing put subparser
DEBUG:root:Constructing get subparser
DEBUG:root:Connecting to PostgreSQL
DEBUG:root:Database connection established.
INFO:root:Constructing parser
DEBUG:root:Constructing put subparser
DEBUG:root:Constructing get subparser
DEBUG:root:Connecting to PostgreSQL
DEBUG:root:Database connection established.
INFO:root:Constructing parser
DEBUG:root:Constructing put subparser
DEBUG:root:Constructing get subparser
DEBUG:root:Connecting to PostgreSQL
DEBUG:root:Database connection established.
INFO:root:Constructing parser
DEBUG:root:Constructing put subparser
DEBUG:root:Constructing get subparser
INFO:root:Returning snippet 'Test': ('This is a test snippet',)
DEBUG:root:Snippet retrieved successfully.
DEBUG:root:Connecting to PostgreSQL
DEBUG:root:Database connection established.
INFO:root:Constructing parser
DEBUG:root:Constructing put subparser
DEBUG:root:Constructing get subparser
DEBUG:root:Connecting to PostgreSQL
DEBUG:root:Database connection established.
INFO:root:Constructing parser
DEBUG:root:Constructing put subparser
DEBUG:root:Constructing get subparser
DEBUG:root:Connecting to PostgreSQL
DEBUG:root:Database connection established.
INFO:root:Constructing parser
DEBUG:root:Constructing put subparser
DEBUG:root:Constructing get subparser
INFO:root:Returning snippet 'Test': ('This is a test snippet',)
DEBUG:root:Snippet retrieved successfully.
DEBUG:root:Connecting to PostgreSQL
DEBUG:root:Database connection established.
INFO:root:Constructing parser
DEBUG:root:Constructing put subparser
DEBUG:root:Constructing get subparser
INFO:root:Returning snippet 'Test': ('This is a test snippet',)
DEBUG:root:Snippet retrieved successfully.
DEBUG:root:Connecting to PostgreSQL
DEBUG:root:Database connection established.
INFO:root:Constructing parser
DEBUG:root:Constructing put subparser
DEBUG:root:Constructing get subparser
INFO:root:Returning snippet 'Bored': None
DEBUG:root:Snippet retrieved successfully.
DEBUG:root:Connecting to PostgreSQL
DEBUG:root:Database connection established.
INFO:root:Constructing parser
DEBUG:root:Constructing put subparser
DEBUG:root:Constructing get subparser
INFO:root:Returning snippet 'Boring': None
DEBUG:root:Snippet retrieved successfully.
DEBUG:root:Connecting to PostgreSQL
DEBUG:root:Database connection established.
INFO:root:Constructing parser
DEBUG:root:Constructing put subparser
DEBUG:root:Constructing get subparser
INFO:root:Returning snippet 'bored': ('boring adding rows',)
DEBUG:root:Snippet retrieved successfully.
DEBUG:root:Connecting to PostgreSQL
DEBUG:root:Database connection established.
INFO:root:Constructing parser
DEBUG:root:Constructing put subparser
DEBUG:root:Constructing get subparser
DEBUG:root:Connecting to PostgreSQL
DEBUG:root:Database connection established.
INFO:root:Constructing parser
DEBUG:root:Constructing put subparser
DEBUG:root:Constructing get subparser
DEBUG:root:Connecting to PostgreSQL
DEBUG:root:Database connection established.
INFO:root:Constructing parser
DEBUG:root:Constructing put subparser
DEBUG:root:Constructing get subparser
DEBUG:root:Connecting to PostgreSQL
DEBUG:root:Database connection established.
INFO:root:Constructing parser
DEBUG:root:Constructing put subparser
DEBUG:root:Constructing get subparser
INFO:root:Name not found in snippets database.
DEBUG:root:404 message returned.
DEBUG:root:Connecting to PostgreSQL
DEBUG:root:Database connection established.
INFO:root:Constructing parser
DEBUG:root:Constructing put subparser
DEBUG:root:Constructing get subparser
INFO:root:LALAnot found in snippets database.
DEBUG:root:404 message returned.
DEBUG:root:Connecting to PostgreSQL
DEBUG:root:Database connection established.
INFO:root:Constructing parser
DEBUG:root:Constructing put subparser
DEBUG:root:Constructing get subparser
INFO:root:LALA not found in snippets database.
DEBUG:root:404 message returned.
DEBUG:root:Connecting to PostgreSQL
DEBUG:root:Database connection established.
INFO:root:Constructing parser
DEBUG:root:Constructing put subparser
DEBUG:root:Constructing get subparser
INFO:root:Returning snippet 'bored': 'boring adding rows'
DEBUG:root:Snippet retrieved successfully.
DEBUG:root:Connecting to PostgreSQL
DEBUG:root:Connecting to PostgreSQL
DEBUG:root:Connecting to PostgreSQL
DEBUG:root:Connecting to PostgreSQL
DEBUG:root:Connecting to PostgreSQL
DEBUG:root:Connecting to PostgreSQL
DEBUG:root:Connecting to PostgreSQL
DEBUG:root:Database connection established.
INFO:root:Constructing parser
DEBUG:root:Constructing put subparser
DEBUG:root:Constructing get subparser
INFO:root:Storing snippet 'new_test': 'This is a new test'
DEBUG:root:Snippet stored successfully.
DEBUG:root:Connecting to PostgreSQL
DEBUG:root:Database connection established.
INFO:root:Constructing parser
DEBUG:root:Constructing put subparser
DEBUG:root:Constructing get subparser
INFO:root:Storing snippet 'new_test': 'Replace'
DEBUG:root:Snippet stored successfully.
DEBUG:root:Connecting to PostgreSQL
DEBUG:root:Database connection established.
INFO:root:Constructing parser
DEBUG:root:Constructing put subparser
DEBUG:root:Constructing get subparser
INFO:root:Storing snippet 'Test2': 'This is another test'
DEBUG:root:Snippet stored successfully.
DEBUG:root:Connecting to PostgreSQL
DEBUG:root:Database connection established.
INFO:root:Constructing parser
DEBUG:root:Constructing put subparser
DEBUG:root:Constructing get subparser
INFO:root:Storing snippet 'Test2': 'Replace?'
DEBUG:root:Snippet stored successfully.
DEBUG:root:Connecting to PostgreSQL
DEBUG:root:Database connection established.
INFO:root:Constructing parser
DEBUG:root:Constructing put subparser
DEBUG:root:Constructing get subparser
INFO:root:Returning snippet 'Test2': 'Replace?'
DEBUG:root:Snippet retrieved successfully.
DEBUG:root:Connecting to PostgreSQL
DEBUG:root:Database connection established.
INFO:root:Constructing parser
DEBUG:root:Constructing put subparser
DEBUG:root:Constructing get subparser
DEBUG:root:Connecting to PostgreSQL
DEBUG:root:Database connection established.
INFO:root:Constructing parser
DEBUG:root:Constructing put subparser
DEBUG:root:Constructing get subparser
DEBUG:root:Constructing catalog subparser
DEBUG:root:Connecting to PostgreSQL
DEBUG:root:Database connection established.
INFO:root:Constructing parser
DEBUG:root:Constructing put subparser
DEBUG:root:Constructing get subparser
DEBUG:root:Constructing catalog subparser
DEBUG:root:Connecting to PostgreSQL
DEBUG:root:Database connection established.
INFO:root:Constructing parser
DEBUG:root:Constructing put subparser
DEBUG:root:Constructing get subparser
DEBUG:root:Constructing catalog subparser
DEBUG:root:Connecting to PostgreSQL
DEBUG:root:Database connection established.
INFO:root:Constructing parser
DEBUG:root:Constructing put subparser
DEBUG:root:Constructing get subparser
DEBUG:root:Constructing catalog subparser
DEBUG:root:Connecting to PostgreSQL
DEBUG:root:Database connection established.
INFO:root:Constructing parser
DEBUG:root:Constructing put subparser
DEBUG:root:Constructing get subparser
DEBUG:root:Constructing catalog subparser
DEBUG:root:Connecting to PostgreSQL
DEBUG:root:Database connection established.
INFO:root:Constructing parser
DEBUG:root:Constructing put subparser
DEBUG:root:Constructing get subparser
DEBUG:root:Constructing catalog subparser
DEBUG:root:Connecting to PostgreSQL
DEBUG:root:Database connection established.
INFO:root:Constructing parser
DEBUG:root:Constructing put subparser
DEBUG:root:Constructing get subparser
DEBUG:root:Constructing catalog subparser
DEBUG:root:Connecting to PostgreSQL
DEBUG:root:Database connection established.
INFO:root:Constructing parser
DEBUG:root:Constructing put subparser
DEBUG:root:Constructing get subparser
DEBUG:root:Constructing catalog subparser
DEBUG:root:Constructing search subparser
DEBUG:root:Connecting to PostgreSQL
DEBUG:root:Database connection established.
INFO:root:Constructing parser
DEBUG:root:Constructing put subparser
DEBUG:root:Constructing get subparser
DEBUG:root:Constructing catalog subparser
DEBUG:root:Constructing search subparser
DEBUG:root:Connecting to PostgreSQL
DEBUG:root:Database connection established.
INFO:root:Constructing parser
DEBUG:root:Constructing put subparser
DEBUG:root:Constructing get subparser
DEBUG:root:Constructing catalog subparser
DEBUG:root:Constructing search subparser
DEBUG:root:Connecting to PostgreSQL
DEBUG:root:Database connection established.
INFO:root:Constructing parser
DEBUG:root:Constructing put subparser
DEBUG:root:Constructing get subparser
DEBUG:root:Constructing catalog subparser
DEBUG:root:Constructing search subparser
DEBUG:root:Connecting to PostgreSQL
DEBUG:root:Database connection established.
INFO:root:Constructing parser
DEBUG:root:Constructing put subparser
DEBUG:root:Constructing get subparser
DEBUG:root:Constructing catalog subparser
DEBUG:root:Constructing search subparser
DEBUG:root:Connecting to PostgreSQL
DEBUG:root:Database connection established.
INFO:root:Constructing parser
DEBUG:root:Constructing put subparser
DEBUG:root:Constructing get subparser
DEBUG:root:Constructing catalog subparser
DEBUG:root:Constructing search subparser
DEBUG:root:Connecting to PostgreSQL
DEBUG:root:Database connection established.
INFO:root:Constructing parser
DEBUG:root:Constructing put subparser
DEBUG:root:Constructing get subparser
DEBUG:root:Constructing catalog subparser
DEBUG:root:Constructing search subparser
INFO:root:Returning snippet(s) with search term
DEBUG:root:Snippet(s) retrieved successfully.
DEBUG:root:Connecting to PostgreSQL
DEBUG:root:Database connection established.
INFO:root:Constructing parser
DEBUG:root:Constructing put subparser
DEBUG:root:Constructing get subparser
DEBUG:root:Constructing catalog subparser
DEBUG:root:Constructing search subparser
INFO:root:Returning snippet(s) with search term
DEBUG:root:Snippet(s) retrieved successfully.
DEBUG:root:Connecting to PostgreSQL
DEBUG:root:Database connection established.
INFO:root:Constructing parser
DEBUG:root:Constructing put subparser
DEBUG:root:Constructing get subparser
DEBUG:root:Constructing catalog subparser
DEBUG:root:Constructing search subparser
DEBUG:root:Connecting to PostgreSQL
DEBUG:root:Database connection established.
INFO:root:Constructing parser
DEBUG:root:Constructing put subparser
DEBUG:root:Constructing get subparser
DEBUG:root:Constructing catalog subparser
DEBUG:root:Constructing search subparser
DEBUG:root:Connecting to PostgreSQL
DEBUG:root:Database connection established.
INFO:root:Constructing parser
DEBUG:root:Constructing put subparser
DEBUG:root:Constructing get subparser
DEBUG:root:Constructing catalog subparser
DEBUG:root:Constructing search subparser
INFO:root:Returning snippet(s) with search term
DEBUG:root:Snippet(s) retrieved successfully.
DEBUG:root:Connecting to PostgreSQL
DEBUG:root:Database connection established.
INFO:root:Constructing parser
DEBUG:root:Constructing put subparser
DEBUG:root:Constructing get subparser
DEBUG:root:Constructing catalog subparser
DEBUG:root:Constructing search subparser
INFO:root:Returning snippet(s) with search term
DEBUG:root:Snippet(s) retrieved successfully.
DEBUG:root:Connecting to PostgreSQL
DEBUG:root:Database connection established.
INFO:root:Constructing parser
DEBUG:root:Constructing put subparser
DEBUG:root:Constructing get subparser
DEBUG:root:Constructing catalog subparser
DEBUG:root:Constructing search subparser
INFO:root:Returning snippet(s) with search term
DEBUG:root:Snippet(s) retrieved successfully.
DEBUG:root:Connecting to PostgreSQL
DEBUG:root:Database connection established.
INFO:root:Constructing parser
DEBUG:root:Constructing put subparser
DEBUG:root:Constructing get subparser
DEBUG:root:Constructing catalog subparser
DEBUG:root:Constructing search subparser
INFO:root:Returning snippet(s) with search term
DEBUG:root:Snippet(s) retrieved successfully.
DEBUG:root:Connecting to PostgreSQL
DEBUG:root:Database connection established.
INFO:root:Constructing parser
DEBUG:root:Constructing put subparser
DEBUG:root:Constructing get subparser
DEBUG:root:Constructing catalog subparser
DEBUG:root:Constructing search subparser
INFO:root:Returning all keywords
DEBUG:root:Connecting to PostgreSQL
DEBUG:root:Database connection established.
INFO:root:Constructing parser
DEBUG:root:Constructing put subparser
DEBUG:root:Constructing get subparser
DEBUG:root:Constructing catalog subparser
DEBUG:root:Constructing search subparser
INFO:root:Returning snippet(s) with search term
DEBUG:root:Snippet(s) retrieved successfully.
DEBUG:root:Connecting to PostgreSQL
DEBUG:root:Database connection established.
INFO:root:Constructing parser
DEBUG:root:Constructing put subparser
DEBUG:root:Constructing get subparser
DEBUG:root:Constructing catalog subparser
DEBUG:root:Constructing search subparser
INFO:root:Returning snippet(s) with search term
DEBUG:root:Snippet(s) retrieved successfully.
DEBUG:root:Connecting to PostgreSQL
DEBUG:root:Database connection established.
INFO:root:Constructing parser
DEBUG:root:Constructing put subparser
DEBUG:root:Constructing get subparser
DEBUG:root:Constructing catalog subparser
DEBUG:root:Constructing search subparser
INFO:root:Returning snippet(s) with search term
DEBUG:root:Snippet(s) retrieved successfully.
DEBUG:root:Connecting to PostgreSQL
DEBUG:root:Database connection established.
INFO:root:Constructing parser
DEBUG:root:Constructing put subparser
DEBUG:root:Constructing get subparser
DEBUG:root:Constructing catalog subparser
DEBUG:root:Constructing search subparser
INFO:root:Returning snippet(s) with search term
DEBUG:root:Snippet(s) retrieved successfully.
DEBUG:root:Connecting to PostgreSQL
DEBUG:root:Database connection established.
INFO:root:Constructing parser
DEBUG:root:Constructing put subparser
DEBUG:root:Constructing get subparser
DEBUG:root:Constructing catalog subparser
DEBUG:root:Constructing search subparser
INFO:root:Returning snippet(s) with search term
DEBUG:root:Snippet(s) retrieved successfully.
DEBUG:root:Connecting to PostgreSQL
DEBUG:root:Database connection established.
INFO:root:Constructing parser
DEBUG:root:Constructing put subparser
DEBUG:root:Constructing get subparser
DEBUG:root:Constructing catalog subparser
DEBUG:root:Constructing search subparser
DEBUG:root:Connecting to PostgreSQL
DEBUG:root:Database connection established.
INFO:root:Constructing parser
DEBUG:root:Constructing put subparser
DEBUG:root:Constructing get subparser
DEBUG:root:Constructing catalog subparser
DEBUG:root:Constructing search subparser
INFO:root:Returning snippet(s) with search term
DEBUG:root:Snippet(s) retrieved successfully.
DEBUG:root:Connecting to PostgreSQL
DEBUG:root:Database connection established.
INFO:root:Constructing parser
DEBUG:root:Constructing put subparser
DEBUG:root:Constructing get subparser
DEBUG:root:Constructing catalog subparser
DEBUG:root:Constructing search subparser
INFO:root:Returning snippet(s) with search term
DEBUG:root:Snippet(s) retrieved successfully.
DEBUG:root:Connecting to PostgreSQL
DEBUG:root:Database connection established.
INFO:root:Constructing parser
DEBUG:root:Constructing put subparser
DEBUG:root:Constructing get subparser
DEBUG:root:Constructing catalog subparser
DEBUG:root:Constructing search subparser
INFO:root:Returning snippet(s) with search term
DEBUG:root:Snippet(s) retrieved successfully.
DEBUG:root:Connecting to PostgreSQL
DEBUG:root:Database connection established.
INFO:root:Constructing parser
DEBUG:root:Constructing put subparser
DEBUG:root:Constructing get subparser
DEBUG:root:Constructing catalog subparser
DEBUG:root:Constructing search subparser
INFO:root:Returning snippet(s) with search term
DEBUG:root:Snippet(s) retrieved successfully.
DEBUG:root:Connecting to PostgreSQL
DEBUG:root:Database connection established.
INFO:root:Constructing parser
DEBUG:root:Constructing put subparser
DEBUG:root:Constructing get subparser
DEBUG:root:Constructing catalog subparser
DEBUG:root:Constructing search subparser
INFO:root:Returning snippet(s) with search term
DEBUG:root:Snippet(s) retrieved successfully.
DEBUG:root:Connecting to PostgreSQL
DEBUG:root:Database connection established.
INFO:root:Constructing parser
DEBUG:root:Constructing put subparser
DEBUG:root:Constructing get subparser
DEBUG:root:Constructing catalog subparser
DEBUG:root:Constructing search subparser
INFO:root:Returning snippet(s) with search term
DEBUG:root:Snippet(s) retrieved successfully.
DEBUG:root:Connecting to PostgreSQL
DEBUG:root:Database connection established.
INFO:root:Constructing parser
DEBUG:root:Constructing put subparser
DEBUG:root:Constructing get subparser
DEBUG:root:Constructing catalog subparser
DEBUG:root:Constructing search subparser
INFO:root:Returning snippet(s) with search term
DEBUG:root:Snippet(s) retrieved successfully.
DEBUG:root:Connecting to PostgreSQL
DEBUG:root:Database connection established.
INFO:root:Constructing parser
DEBUG:root:Constructing put subparser
DEBUG:root:Constructing get subparser
DEBUG:root:Constructing catalog subparser
DEBUG:root:Constructing search subparser
INFO:root:Returning snippet(s) with search term
DEBUG:root:Snippet(s) retrieved successfully.
DEBUG:root:Connecting to PostgreSQL
DEBUG:root:Database connection established.
INFO:root:Constructing parser
DEBUG:root:Constructing put subparser
DEBUG:root:Constructing get subparser
DEBUG:root:Constructing catalog subparser
DEBUG:root:Constructing search subparser
INFO:root:Returning snippet(s) with search term
DEBUG:root:Snippet(s) retrieved successfully.
DEBUG:root:Connecting to PostgreSQL
DEBUG:root:Database connection established.
INFO:root:Constructing parser
DEBUG:root:Constructing put subparser
DEBUG:root:Constructing get subparser
DEBUG:root:Constructing catalog subparser
DEBUG:root:Constructing search subparser
INFO:root:Returning snippet(s) with search term
DEBUG:root:Snippet(s) retrieved successfully.
DEBUG:root:Connecting to PostgreSQL
DEBUG:root:Database connection established.
INFO:root:Constructing parser
DEBUG:root:Constructing put subparser
DEBUG:root:Constructing get subparser
DEBUG:root:Constructing catalog subparser
DEBUG:root:Constructing search subparser
DEBUG:root:Connecting to PostgreSQL
DEBUG:root:Database connection established.
INFO:root:Constructing parser
DEBUG:root:Constructing put subparser
DEBUG:root:Constructing get subparser
DEBUG:root:Constructing catalog subparser
DEBUG:root:Constructing search subparser
DEBUG:root:Connecting to PostgreSQL
DEBUG:root:Database connection established.
INFO:root:Constructing parser
DEBUG:root:Constructing put subparser
DEBUG:root:Constructing get subparser
DEBUG:root:Constructing catalog subparser
DEBUG:root:Constructing search subparser
DEBUG:root:Connecting to PostgreSQL
DEBUG:root:Database connection established.
INFO:root:Constructing parser
DEBUG:root:Constructing put subparser
DEBUG:root:Constructing get subparser
DEBUG:root:Constructing catalog subparser
DEBUG:root:Constructing search subparser
DEBUG:root:Connecting to PostgreSQL
DEBUG:root:Database connection established.
INFO:root:Constructing parser
DEBUG:root:Constructing put subparser
DEBUG:root:Constructing get subparser
DEBUG:root:Constructing catalog subparser
DEBUG:root:Constructing search subparser
INFO:root:Returning snippet(s) with search term
DEBUG:root:Snippet(s) retrieved successfully.
DEBUG:root:Connecting to PostgreSQL
DEBUG:root:Database connection established.
INFO:root:Constructing parser
DEBUG:root:Constructing put subparser
DEBUG:root:Constructing get subparser
DEBUG:root:Constructing catalog subparser
DEBUG:root:Constructing search subparser
INFO:root:Returning snippet(s) with search term
DEBUG:root:Snippet(s) retrieved successfully.
DEBUG:root:Connecting to PostgreSQL
DEBUG:root:Database connection established.
INFO:root:Constructing parser
DEBUG:root:Constructing put subparser
DEBUG:root:Constructing get subparser
DEBUG:root:Constructing catalog subparser
DEBUG:root:Constructing search subparser
INFO:root:Returning snippet(s) with search term
DEBUG:root:Snippet(s) retrieved successfully.
DEBUG:root:Connecting to PostgreSQL
DEBUG:root:Database connection established.
INFO:root:Constructing parser
DEBUG:root:Constructing put subparser
DEBUG:root:Constructing get subparser
DEBUG:root:Constructing catalog subparser
DEBUG:root:Constructing search subparser
INFO:root:Returning snippet(s) with search term
DEBUG:root:Snippet(s) retrieved successfully.
DEBUG:root:Connecting to PostgreSQL
DEBUG:root:Database connection established.
INFO:root:Constructing parser
DEBUG:root:Constructing put subparser
DEBUG:root:Constructing get subparser
DEBUG:root:Constructing catalog subparser
DEBUG:root:Constructing search subparser
INFO:root:Returning snippet(s) with search term
DEBUG:root:Snippet(s) retrieved successfully.
DEBUG:root:Connecting to PostgreSQL
DEBUG:root:Database connection established.
INFO:root:Constructing parser
DEBUG:root:Constructing put subparser
DEBUG:root:Constructing get subparser
DEBUG:root:Constructing catalog subparser
DEBUG:root:Constructing search subparser
INFO:root:Returning snippet(s) with search term
DEBUG:root:Snippet(s) retrieved successfully.
DEBUG:root:Connecting to PostgreSQL
DEBUG:root:Database connection established.
INFO:root:Constructing parser
DEBUG:root:Constructing put subparser
DEBUG:root:Constructing get subparser
DEBUG:root:Constructing catalog subparser
DEBUG:root:Constructing search subparser
INFO:root:Returning all keywords
DEBUG:root:Connecting to PostgreSQL
DEBUG:root:Database connection established.
INFO:root:Constructing parser
DEBUG:root:Connecting to PostgreSQL
DEBUG:root:Database connection established.
INFO:root:Constructing parser
DEBUG:root:Constructing put subparser
DEBUG:root:Constructing get subparser
DEBUG:root:Constructing catalog subparser
DEBUG:root:Constructing search subparser
DEBUG:root:Connecting to PostgreSQL
DEBUG:root:Database connection established.
INFO:root:Constructing parser
DEBUG:root:Constructing put subparser
DEBUG:root:Connecting to PostgreSQL
DEBUG:root:Database connection established.
INFO:root:Constructing parser
DEBUG:root:Constructing put subparser
DEBUG:root:Connecting to PostgreSQL
DEBUG:root:Database connection established.
INFO:root:Constructing parser
DEBUG:root:Constructing put subparser
DEBUG:root:Constructing get subparser
DEBUG:root:Constructing catalog subparser
DEBUG:root:Constructing search subparser
DEBUG:root:Connecting to PostgreSQL
DEBUG:root:Database connection established.
INFO:root:Constructing parser
DEBUG:root:Constructing put subparser
DEBUG:root:Constructing get subparser
DEBUG:root:Constructing catalog subparser
DEBUG:root:Constructing search subparser
DEBUG:root:Connecting to PostgreSQL
DEBUG:root:Database connection established.
INFO:root:Constructing parser
DEBUG:root:Constructing put subparser
DEBUG:root:Constructing get subparser
DEBUG:root:Constructing catalog subparser
DEBUG:root:Constructing search subparser
DEBUG:root:Connecting to PostgreSQL
DEBUG:root:Database connection established.
INFO:root:Constructing parser
DEBUG:root:Constructing put subparser
DEBUG:root:Constructing get subparser
DEBUG:root:Constructing catalog subparser
DEBUG:root:Constructing search subparser
INFO:root:Storing snippet 'testing2': 'testing again'
DEBUG:root:Connecting to PostgreSQL
DEBUG:root:Database connection established.
INFO:root:Constructing parser
DEBUG:root:Constructing put subparser
DEBUG:root:Constructing get subparser
DEBUG:root:Constructing catalog subparser
DEBUG:root:Constructing search subparser
INFO:root:Storing snippet 'testing2': 'testing again'
DEBUG:root:Snippet stored successfully.
DEBUG:root:Connecting to PostgreSQL
DEBUG:root:Database connection established.
INFO:root:Constructing parser
DEBUG:root:Constructing put subparser
DEBUG:root:Constructing get subparser
DEBUG:root:Constructing catalog subparser
DEBUG:root:Constructing search subparser
INFO:root:Storing snippet 'testing2': 'testing again'
DEBUG:root:Snippet stored successfully.
DEBUG:root:Connecting to PostgreSQL
DEBUG:root:Database connection established.
INFO:root:Constructing parser
DEBUG:root:Constructing put subparser
DEBUG:root:Constructing get subparser
DEBUG:root:Constructing catalog subparser
DEBUG:root:Constructing search subparser
DEBUG:root:Connecting to PostgreSQL
DEBUG:root:Database connection established.
INFO:root:Constructing parser
DEBUG:root:Constructing put subparser
DEBUG:root:Constructing get subparser
DEBUG:root:Constructing catalog subparser
DEBUG:root:Constructing search subparser
DEBUG:root:Connecting to PostgreSQL
DEBUG:root:Database connection established.
INFO:root:Constructing parser
DEBUG:root:Constructing put subparser
DEBUG:root:Constructing get subparser
DEBUG:root:Constructing catalog subparser
DEBUG:root:Constructing search subparser
INFO:root:Storing snippet 'Test3': 'Testing again'
DEBUG:root:Snippet stored successfully.
DEBUG:root:Connecting to PostgreSQL
DEBUG:root:Database connection established.
INFO:root:Constructing parser
DEBUG:root:Constructing put subparser
DEBUG:root:Constructing get subparser
DEBUG:root:Constructing catalog subparser
DEBUG:root:Constructing search subparser
INFO:root:Storing snippet 'Test4': 'Test again'
DEBUG:root:Snippet stored successfully.
DEBUG:root:Connecting to PostgreSQL
DEBUG:root:Database connection established.
INFO:root:Constructing parser
DEBUG:root:Constructing put subparser
DEBUG:root:Constructing get subparser
DEBUG:root:Constructing catalog subparser
DEBUG:root:Constructing search subparser
DEBUG:root:Connecting to PostgreSQL
DEBUG:root:Database connection established.
INFO:root:Constructing parser
DEBUG:root:Constructing put subparser
DEBUG:root:Constructing get subparser
DEBUG:root:Constructing catalog subparser
DEBUG:root:Constructing search subparser
INFO:root:Storing snippet 'TestAgain': 'enough testing'
DEBUG:root:Snippet stored successfully.
DEBUG:root:Connecting to PostgreSQL
DEBUG:root:Database connection established.
INFO:root:Constructing parser
DEBUG:root:Constructing put subparser
DEBUG:root:Constructing get subparser
DEBUG:root:Constructing catalog subparser
DEBUG:root:Constructing search subparser
INFO:root:Returning snippet 'TestAgain': 'enough testing'
DEBUG:root:Snippet retrieved successfully.
DEBUG:root:Connecting to PostgreSQL
DEBUG:root:Database connection established.
INFO:root:Constructing parser
DEBUG:root:Constructing put subparser
DEBUG:root:Constructing get subparser
DEBUG:root:Constructing catalog subparser
DEBUG:root:Constructing search subparser
INFO:root:Returning all keywords
DEBUG:root:Connecting to PostgreSQL
DEBUG:root:Database connection established.
INFO:root:Constructing parser
DEBUG:root:Constructing put subparser
DEBUG:root:Constructing get subparser
DEBUG:root:Constructing catalog subparser
DEBUG:root:Constructing search subparser
INFO:root:Returning all keywords
DEBUG:root:Connecting to PostgreSQL
DEBUG:root:Database connection established.
INFO:root:Constructing parser
DEBUG:root:Constructing put subparser
DEBUG:root:Constructing get subparser
DEBUG:root:Constructing catalog subparser
DEBUG:root:Constructing search subparser
INFO:root:Returning snippet 'Test4': 'Test again'
DEBUG:root:Snippet retrieved successfully.
